c:\users\hitesh kumar\documents\github\gmls\gmls\gmls\debug\vc141.pdb
c:\users\hitesh kumar\documents\github\gmls\gmls\gmls\debug\vc141.idb
c:\users\hitesh kumar\documents\github\gmls\gmls\gmls\debug\main.obj
c:\users\hitesh kumar\documents\github\gmls\gmls\gmls\debug\interpolate.obj
c:\users\hitesh kumar\documents\github\gmls\gmls\gmls\debug\restriction.obj
c:\users\hitesh kumar\documents\github\gmls\gmls\gmls\debug\io_routines.obj
c:\users\hitesh kumar\documents\github\gmls\gmls\gmls\debug\interpolation.obj
c:\users\hitesh kumar\documents\github\gmls\gmls\gmls\debug\grid_routines.obj
c:\users\hitesh kumar\documents\github\gmls\gmls\gmls\debug\smoother_tests.obj
c:\users\hitesh kumar\documents\github\gmls\gmls\gmls\debug\restriction_tests.obj
c:\users\hitesh kumar\documents\github\gmls\gmls\gmls\debug\io_routine_tests.obj
c:\users\hitesh kumar\documents\github\gmls\gmls\gmls\debug\interpolation_tests.obj
c:\users\hitesh kumar\documents\github\gmls\gmls\gmls\debug\grid_routine_tests.obj
c:\users\hitesh kumar\documents\github\gmls\gmls\debug\gmls.exe
c:\users\hitesh kumar\documents\github\gmls\gmls\debug\gmls.ilk
c:\users\hitesh kumar\documents\github\gmls\gmls\debug\gmls.pdb
c:\users\hitesh kumar\documents\github\gmls\gmls\gmls\debug\gmls.tlog\cl.command.1.tlog
c:\users\hitesh kumar\documents\github\gmls\gmls\gmls\debug\gmls.tlog\cl.read.1.tlog
c:\users\hitesh kumar\documents\github\gmls\gmls\gmls\debug\gmls.tlog\cl.write.1.tlog
c:\users\hitesh kumar\documents\github\gmls\gmls\gmls\debug\gmls.tlog\link.command.1.tlog
c:\users\hitesh kumar\documents\github\gmls\gmls\gmls\debug\gmls.tlog\link.read.1.tlog
c:\users\hitesh kumar\documents\github\gmls\gmls\gmls\debug\gmls.tlog\link.write.1.tlog
